# JRE version: OpenJDK Runtime Environment (8.0_152-b01) (build 1.8.0_152-release-915-b01)
# Java VM: OpenJDK Server VM (25.152-b01 mixed mode windows-x86 )
Heap:
 def new generation   total 27392K, used 3662K [0x11000000, 0x12db0000, 0x1baa0000)
  eden space 24384K,   2% used [0x11000000, 0x110a38b0, 0x127d0000)
  from space 3008K, 100% used [0x127d0000, 0x12ac0000, 0x12ac0000)
  to   space 3008K,   0% used [0x12ac0000, 0x12ac0000, 0x12db0000)
 tenured generation   total 60676K, used 56105K [0x1baa0000, 0x1f5e1000, 0x31000000)
   the space 60676K,  92% used [0x1baa0000, 0x1f16a408, 0x1f16a600, 0x1f5e1000)
 Metaspace       used 45865K, capacity 47159K, committed 47232K, reserved 47488K
GC Heap History (10 events):
Event: 708.015 GC heap before
{Heap before GC invocations=106 (full 4):
 def new generation   total 27392K, used 25740K [0x11000000, 0x12db0000, 0x1baa0000)
  eden space 24384K, 100% used [0x11000000, 0x127d0000, 0x127d0000)
  from space 3008K,  45% used [0x12ac0000, 0x12c13010, 0x12db0000)
  to   space 3008K,   0% used [0x127d0000, 0x127d0000, 0x12ac0000)
 tenured generation   total 60676K, used 45771K [0x1baa0000, 0x1f5e1000, 0x31000000)
   the space 60676K,  75% used [0x1baa0000, 0x1e752ec8, 0x1e753000, 0x1f5e1000)
 Metaspace       used 44418K, capacity 45701K, committed 45824K, reserved 46464K
Event: 708.027 GC heap after
Heap after GC invocations=107 (full 4):
 def new generation   total 27392K, used 1409K [0x11000000, 0x12db0000, 0x1baa0000)
  eden space 24384K,   0% used [0x11000000, 0x11000000, 0x127d0000)
  from space 3008K,  46% used [0x127d0000, 0x12930418, 0x12ac0000)
  to   space 3008K,   0% used [0x12ac0000, 0x12ac0000, 0x12db0000)
 tenured generation   total 60676K, used 45771K [0x1baa0000, 0x1f5e1000, 0x31000000)
   the space 60676K,  75% used [0x1baa0000, 0x1e752ec8, 0x1e753000, 0x1f5e1000)
 Metaspace       used 44418K, capacity 45701K, committed 45824K, reserved 46464K
}
Event: 713.126 GC heap before
{Heap before GC invocations=107 (full 4):
 def new generation   total 27392K, used 25793K [0x11000000, 0x12db0000, 0x1baa0000)
  eden space 24384K, 100% used [0x11000000, 0x127d0000, 0x127d0000)
  from space 3008K,  46% used [0x127d0000, 0x12930418, 0x12ac0000)
  to   space 3008K,   0% used [0x12ac0000, 0x12ac0000, 0x12db0000)
 tenured generation   total 60676K, used 45771K [0x1baa0000, 0x1f5e1000, 0x31000000)
   the space 60676K,  75% used [0x1baa0000, 0x1e752ec8, 0x1e753000, 0x1f5e1000)
 Metaspace       used 44925K, capacity 46186K, committed 46208K, reserved 46464K
Event: 713.155 GC heap after
Heap after GC invocations=108 (full 4):
 def new generation   total 27392K, used 3008K [0x11000000, 0x12db0000, 0x1baa0000)
  eden space 24384K,   0% used [0x11000000, 0x11000000, 0x127d0000)
  from space 3008K, 100% used [0x12ac0000, 0x12db0000, 0x12db0000)
  to   space 3008K,   0% used [0x127d0000, 0x127d0000, 0x12ac0000)
 tenured generation   total 60676K, used 46905K [0x1baa0000, 0x1f5e1000, 0x31000000)
   the space 60676K,  77% used [0x1baa0000, 0x1e86e5e8, 0x1e86e600, 0x1f5e1000)
 Metaspace       used 44925K, capacity 46186K, committed 46208K, reserved 46464K
}
Event: 729.961 GC heap before
{Heap before GC invocations=108 (full 4):
 def new generation   total 27392K, used 27392K [0x11000000, 0x12db0000, 0x1baa0000)
  eden space 24384K, 100% used [0x11000000, 0x127d0000, 0x127d0000)
  from space 3008K, 100% used [0x12ac0000, 0x12db0000, 0x12db0000)
  to   space 3008K,   0% used [0x127d0000, 0x127d0000, 0x12ac0000)
 tenured generation   total 60676K, used 46905K [0x1baa0000, 0x1f5e1000, 0x31000000)
   the space 60676K,  77% used [0x1baa0000, 0x1e86e5e8, 0x1e86e600, 0x1f5e1000)
 Metaspace       used 45570K, capacity 46866K, committed 46976K, reserved 47488K
Event: 729.992 GC heap after
Heap after GC invocations=109 (full 4):
 def new generation   total 27392K, used 2255K [0x11000000, 0x12db0000, 0x1baa0000)
  eden space 24384K,   0% used [0x11000000, 0x11000000, 0x127d0000)
  from space 3008K,  74% used [0x127d0000, 0x12a03e38, 0x12ac0000)
  to   space 3008K,   0% used [0x12ac0000, 0x12ac0000, 0x12db0000)
 tenured generation   total 60676K, used 49856K [0x1baa0000, 0x1f5e1000, 0x31000000)
   the space 60676K,  82% used [0x1baa0000, 0x1eb500c0, 0x1eb50200, 0x1f5e1000)
 Metaspace       used 45570K, capacity 46866K, committed 46976K, reserved 47488K
}
Event: 732.558 GC heap before
{Heap before GC invocations=109 (full 4):
 def new generation   total 27392K, used 26639K [0x11000000, 0x12db0000, 0x1baa0000)
  eden space 24384K, 100% used [0x11000000, 0x127d0000, 0x127d0000)
  from space 3008K,  74% used [0x127d0000, 0x12a03e38, 0x12ac0000)
  to   space 3008K,   0% used [0x12ac0000, 0x12ac0000, 0x12db0000)
 tenured generation   total 60676K, used 49856K [0x1baa0000, 0x1f5e1000, 0x31000000)
   the space 60676K,  82% used [0x1baa0000, 0x1eb500c0, 0x1eb50200, 0x1f5e1000)
 Metaspace       used 45651K, capacity 46933K, committed 46976K, reserved 47488K
Event: 732.592 GC heap after
Heap after GC invocations=110 (full 4):
 def new generation   total 27392K, used 3008K [0x11000000, 0x12db0000, 0x1baa0000)
  eden space 24384K,   0% used [0x11000000, 0x11000000, 0x127d0000)
  from space 3008K, 100% used [0x12ac0000, 0x12db0000, 0x12db0000)
  to   space 3008K,   0% used [0x127d0000, 0x127d0000, 0x12ac0000)
 tenured generation   total 60676K, used 52385K [0x1baa0000, 0x1f5e1000, 0x31000000)
   the space 60676K,  86% used [0x1baa0000, 0x1edc84f0, 0x1edc8600, 0x1f5e1000)
 Metaspace       used 45651K, capacity 46933K, committed 46976K, reserved 47488K
}
Event: 734.884 GC heap before
{Heap before GC invocations=110 (full 4):
 def new generation   total 27392K, used 27392K [0x11000000, 0x12db0000, 0x1baa0000)
  eden space 24384K, 100% used [0x11000000, 0x127d0000, 0x127d0000)
  from space 3008K, 100% used [0x12ac0000, 0x12db0000, 0x12db0000)
  to   space 3008K,   0% used [0x127d0000, 0x127d0000, 0x12ac0000)
 tenured generation   total 60676K, used 52385K [0x1baa0000, 0x1f5e1000, 0x31000000)
   the space 60676K,  86% used [0x1baa0000, 0x1edc84f0, 0x1edc8600, 0x1f5e1000)
 Metaspace       used 45826K, capacity 47125K, committed 47232K, reserved 47488K
Event: 734.927 GC heap after
Heap after GC invocations=111 (full 4):
 def new generation   total 27392K, used 3008K [0x11000000, 0x12db0000, 0x1baa0000)
  eden space 24384K,   0% used [0x11000000, 0x11000000, 0x127d0000)
  from space 3008K, 100% used [0x127d0000, 0x12ac0000, 0x12ac0000)
  to   space 3008K,   0% used [0x12ac0000, 0x12ac0000, 0x12db0000)
 tenured generation   total 60676K, used 56105K [0x1baa0000, 0x1f5e1000, 0x31000000)
   the space 60676K,  92% used [0x1baa0000, 0x1f16a408, 0x1f16a600, 0x1f5e1000)
 Metaspace       used 45826K, capacity 47125K, committed 47232K, reserved 47488K
}

